<?xml version="1.0" encoding="UTF-8"?>
<testng-results ignored="0" total="1" passed="1" failed="0" skipped="0">
  <reporter-output>
  </reporter-output>
  <suite started-at="2022-02-09T17:24:46 CET" name="Default suite" finished-at="2022-02-09T17:24:58 CET" duration-ms="11753">
    <groups>
    </groups>
    <test started-at="2022-02-09T17:24:46 CET" name="Default test" finished-at="2022-02-09T17:24:58 CET" duration-ms="11753">
      <class name="LoginPageTest">
        <test-method signature="TestLogin()[pri:0, instance:LoginPageTest@647fd8ce]" started-at="2022-02-09T17:24:46 CET" name="TestLogin" finished-at="2022-02-09T17:24:58 CET" duration-ms="11692" status="PASS">
          <reporter-output>
          </reporter-output>
        </test-method> <!-- TestLogin -->
      </class> <!-- LoginPageTest -->
    </test> <!-- Default test -->
  </suite> <!-- Default suite -->
</testng-results>
